生成启动时间为 2012-4-20 17:05:35。
     1>项目“D:\Documents\WorkeSpaces\Visual Studio 2010\Projects\ShortMessage\ShortMessage\ShortMessage.vcxproj”在节点 2 上(rebuild 个目标)。
     1>_PrepareForClean:
         正在删除文件“Release\ShortMessage.lastbuildstate”。
       InitializeBuildStatus:
         正在创建“Release\ShortMessage.unsuccessfulbuild”，因为已指定“AlwaysCreate”。
       ClCompile:
         E:\Program Files\Microsoft Visual Studio 10.0\VC\bin\CL.exe /c /Zi /nologo /W3 /WX- /O2 /Oi /Oy- /GL /D WIN32 /D _WINDOWS /D NDEBUG /D _UNICODE /D UNICODE /Gm- /EHsc /MT /GS /Gy /fp:precise /Zc:wchar_t /Zc:forScope /Yc"StdAfx.h" /Fp"Release\ShortMessage.pch" /Fo"Release\\" /Fd"Release\vc100.pdb" /Gd /TP /analyze- /errorReport:prompt stdafx.cpp
         stdafx.cpp
         E:\Program Files\Microsoft Visual Studio 10.0\VC\bin\CL.exe /c /Zi /nologo /W3 /WX- /O2 /Oi /Oy- /GL /D WIN32 /D _WINDOWS /D NDEBUG /D _UNICODE /D UNICODE /Gm- /EHsc /MT /GS /Gy /fp:precise /Zc:wchar_t /Zc:forScope /Yu"StdAfx.h" /Fp"Release\ShortMessage.pch" /Fo"Release\\" /Fd"Release\vc100.pdb" /Gd /TP /analyze- /errorReport:prompt Comm.cpp DlgConfig.cpp ShortMessage.cpp ShortMessageDlg.cpp Sms.cpp SmsTraffic.cpp
         Comm.cpp
         DlgConfig.cpp
     1>d:\documents\workespaces\visual studio 2010\projects\shortmessage\shortmessage\ShortMessageDlg.h(112): warning C4002: “GetCurrentTime”宏的实参太多
         ShortMessage.cpp
     1>d:\documents\workespaces\visual studio 2010\projects\shortmessage\shortmessage\ShortMessageDlg.h(112): warning C4002: “GetCurrentTime”宏的实参太多
         ShortMessageDlg.cpp
     1>d:\documents\workespaces\visual studio 2010\projects\shortmessage\shortmessage\ShortMessageDlg.h(112): warning C4002: “GetCurrentTime”宏的实参太多
     1>ShortMessageDlg.cpp(400): warning C4244: “=”: 从“wchar_t”转换到“char”，可能丢失数据
     1>ShortMessageDlg.cpp(404): warning C4244: “=”: 从“wchar_t”转换到“char”，可能丢失数据
     1>ShortMessageDlg.cpp(415): warning C4018: “>”: 有符号/无符号不匹配
     1>ShortMessageDlg.cpp(489): warning C4996: 'sprintf': This function or variable may be unsafe. Consider using sprintf_s instead. To disable deprecation, use _CRT_SECURE_NO_WARNINGS. See online help for details.
                 E:\Program Files\Microsoft Visual Studio 10.0\VC\include\stdio.h(371) : 参见“sprintf”的声明
     1>ShortMessageDlg.cpp(530): warning C4101: “i”: 未引用的局部变量
     1>ShortMessageDlg.cpp(773): warning C4002: “GetCurrentTime”宏的实参太多
     1>ShortMessageDlg.cpp(778): warning C4244: “return”: 从“LONGLONG”转换到“UINT”，可能丢失数据
         Sms.cpp
     1>Sms.cpp(537): warning C4996: 'strcat': This function or variable may be unsafe. Consider using strcat_s instead. To disable deprecation, use _CRT_SECURE_NO_WARNINGS. See online help for details.
                 E:\Program Files\Microsoft Visual Studio 10.0\VC\include\string.h(110) : 参见“strcat”的声明
     1>Sms.cpp(543): warning C4996: 'sprintf': This function or variable may be unsafe. Consider using sprintf_s instead. To disable deprecation, use _CRT_SECURE_NO_WARNINGS. See online help for details.
                 E:\Program Files\Microsoft Visual Studio 10.0\VC\include\stdio.h(371) : 参见“sprintf”的声明
     1>Sms.cpp(578): warning C4996: 'sprintf': This function or variable may be unsafe. Consider using sprintf_s instead. To disable deprecation, use _CRT_SECURE_NO_WARNINGS. See online help for details.
                 E:\Program Files\Microsoft Visual Studio 10.0\VC\include\stdio.h(371) : 参见“sprintf”的声明
     1>Sms.cpp(626): warning C4996: 'sscanf': This function or variable may be unsafe. Consider using sscanf_s instead. To disable deprecation, use _CRT_SECURE_NO_WARNINGS. See online help for details.
                 E:\Program Files\Microsoft Visual Studio 10.0\VC\include\stdio.h(325) : 参见“sscanf”的声明
         SmsTraffic.cpp
       ResourceCompile:
         C:\Program Files\Microsoft SDKs\Windows\v7.0A\bin\rc.exe /D NDEBUG /D _UNICODE /D UNICODE /l"0x0804" /IRelease\ /nologo /fo"Release\ShortMessage.res" ShortMessage.rc 
       Link:
         E:\Program Files\Microsoft Visual Studio 10.0\VC\bin\link.exe /ERRORREPORT:PROMPT /OUT:"D:\Documents\WorkeSpaces\Visual Studio 2010\Projects\ShortMessage\Release\ShortMessage.exe" /INCREMENTAL:NO /NOLOGO /MANIFEST /ManifestFile:"Release\ShortMessage.exe.intermediate.manifest" /MANIFESTUAC:"level='asInvoker' uiAccess='false'" /DEBUG /PDB:"D:\Documents\WorkeSpaces\Visual Studio 2010\Projects\ShortMessage\Release\ShortMessage.pdb" /SUBSYSTEM:WINDOWS /OPT:REF /OPT:ICF /LTCG /TLBID:1 /ENTRY:"wWinMainCRTStartup" /DYNAMICBASE /NXCOMPAT /IMPLIB:"D:\Documents\WorkeSpaces\Visual Studio 2010\Projects\ShortMessage\Release\ShortMessage.lib" /MACHINE:X86 Release\ShortMessage.res
         Release\Comm.obj
         Release\DlgConfig.obj
         Release\ShortMessage.obj
         Release\ShortMessageDlg.obj
         Release\Sms.obj
         Release\SmsTraffic.obj
         Release\stdafx.obj
         正在生成代码
         已完成代码的生成
         ShortMessage.vcxproj -> D:\Documents\WorkeSpaces\Visual Studio 2010\Projects\ShortMessage\Release\ShortMessage.exe
       Manifest:
         C:\Program Files\Microsoft SDKs\Windows\v7.0A\bin\mt.exe /nologo /verbose /outputresource:"D:\Documents\WorkeSpaces\Visual Studio 2010\Projects\ShortMessage\Release\ShortMessage.exe;#1" /manifest Release\ShortMessage.exe.intermediate.manifest "E:\Program Files\Microsoft Visual Studio 10.0\VC\Include\Manifest\dpiaware.manifest"
       FinalizeBuildStatus:
         正在删除文件“Release\ShortMessage.unsuccessfulbuild”。
         正在对“Release\ShortMessage.lastbuildstate”执行 Touch 任务。
     1>已完成生成项目“D:\Documents\WorkeSpaces\Visual Studio 2010\Projects\ShortMessage\ShortMessage\ShortMessage.vcxproj”(rebuild 个目标)的操作。

生成成功。

已用时间 00:00:15.23
