D:\DOCUMENTS\WORKESPACES\VISUAL STUDIO 2010\PROJECTS\SHORTMESSAGE\RELEASE\SHORTMESSAGE.EXE
D:\DOCUMENTS\WORKESPACES\VISUAL STUDIO 2010\PROJECTS\SHORTMESSAGE\RELEASE\SHORTMESSAGE.PDB
D:\Documents\WorkeSpaces\Visual Studio 2010\Projects\ShortMessage\ShortMessage\Release\cl.command.1.tlog
D:\Documents\WorkeSpaces\Visual Studio 2010\Projects\ShortMessage\ShortMessage\Release\CL.read.1.tlog
D:\Documents\WorkeSpaces\Visual Studio 2010\Projects\ShortMessage\ShortMessage\Release\CL.write.1.tlog
D:\DOCUMENTS\WORKESPACES\VISUAL STUDIO 2010\PROJECTS\SHORTMESSAGE\SHORTMESSAGE\RELEASE\COMM.OBJ
D:\DOCUMENTS\WORKESPACES\VISUAL STUDIO 2010\PROJECTS\SHORTMESSAGE\SHORTMESSAGE\RELEASE\DLGCONFIG.OBJ
D:\Documents\WorkeSpaces\Visual Studio 2010\Projects\ShortMessage\ShortMessage\Release\link.command.1.tlog
D:\Documents\WorkeSpaces\Visual Studio 2010\Projects\ShortMessage\ShortMessage\Release\link.read.1.tlog
D:\Documents\WorkeSpaces\Visual Studio 2010\Projects\ShortMessage\ShortMessage\Release\link.write.1.tlog
D:\Documents\WorkeSpaces\Visual Studio 2010\Projects\ShortMessage\ShortMessage\Release\link-cvtres.read.1.tlog
D:\Documents\WorkeSpaces\Visual Studio 2010\Projects\ShortMessage\ShortMessage\Release\link-cvtres.write.1.tlog
D:\Documents\WorkeSpaces\Visual Studio 2010\Projects\ShortMessage\ShortMessage\Release\mt.command.1.tlog
D:\Documents\WorkeSpaces\Visual Studio 2010\Projects\ShortMessage\ShortMessage\Release\mt.read.1.tlog
D:\Documents\WorkeSpaces\Visual Studio 2010\Projects\ShortMessage\ShortMessage\Release\mt.write.1.tlog
D:\Documents\WorkeSpaces\Visual Studio 2010\Projects\ShortMessage\ShortMessage\Release\rc.command.1.tlog
D:\Documents\WorkeSpaces\Visual Studio 2010\Projects\ShortMessage\ShortMessage\Release\rc.read.1.tlog
D:\Documents\WorkeSpaces\Visual Studio 2010\Projects\ShortMessage\ShortMessage\Release\rc.write.1.tlog
D:\DOCUMENTS\WORKESPACES\VISUAL STUDIO 2010\PROJECTS\SHORTMESSAGE\SHORTMESSAGE\RELEASE\SHORTMESSAGE.EXE.INTERMEDIATE.MANIFEST
D:\DOCUMENTS\WORKESPACES\VISUAL STUDIO 2010\PROJECTS\SHORTMESSAGE\SHORTMESSAGE\RELEASE\SHORTMESSAGE.OBJ
D:\DOCUMENTS\WORKESPACES\VISUAL STUDIO 2010\PROJECTS\SHORTMESSAGE\SHORTMESSAGE\RELEASE\SHORTMESSAGE.PCH
D:\DOCUMENTS\WORKESPACES\VISUAL STUDIO 2010\PROJECTS\SHORTMESSAGE\SHORTMESSAGE\RELEASE\SHORTMESSAGE.RES
D:\DOCUMENTS\WORKESPACES\VISUAL STUDIO 2010\PROJECTS\SHORTMESSAGE\SHORTMESSAGE\RELEASE\SHORTMESSAGEDLG.OBJ
D:\DOCUMENTS\WORKESPACES\VISUAL STUDIO 2010\PROJECTS\SHORTMESSAGE\SHORTMESSAGE\RELEASE\SMS.OBJ
D:\DOCUMENTS\WORKESPACES\VISUAL STUDIO 2010\PROJECTS\SHORTMESSAGE\SHORTMESSAGE\RELEASE\SMSTRAFFIC.OBJ
D:\DOCUMENTS\WORKESPACES\VISUAL STUDIO 2010\PROJECTS\SHORTMESSAGE\SHORTMESSAGE\RELEASE\STDAFX.OBJ
D:\DOCUMENTS\WORKESPACES\VISUAL STUDIO 2010\PROJECTS\SHORTMESSAGE\SHORTMESSAGE\RELEASE\VC100.PDB
